# JRE version: OpenJDK Runtime Environment (8.0_202-b03) (build 1.8.0_202-release-1483-b03)
# Java VM: OpenJDK 64-Bit Server VM (25.202-b03 mixed mode windows-amd64 compressed oops)
Heap:
 PSYoungGen      total 308736K, used 107730K [0x00000000e0000000, 0x00000000f5e00000, 0x0000000100000000)
  eden space 286720K, 29% used [0x00000000e0000000,0x00000000e53e18b0,0x00000000f1800000)
  from space 22016K, 99% used [0x00000000f2280000,0x00000000f37d3220,0x00000000f3800000)
  to   space 35840K, 0% used [0x00000000f3b00000,0x00000000f3b00000,0x00000000f5e00000)
 ParOldGen       total 143360K, used 62892K [0x00000000a0000000, 0x00000000a8c00000, 0x00000000e0000000)
  object space 143360K, 43% used [0x00000000a0000000,0x00000000a3d6b3e0,0x00000000a8c00000)
 Metaspace       used 88872K, capacity 93534K, committed 93848K, reserved 1130496K
  class space    used 11463K, capacity 12400K, committed 12464K, reserved 1048576K
GC Heap History (10 events):
Event: 889.441 GC heap before
{Heap before GC invocations=14 (full 3):
 PSYoungGen      total 374272K, used 374246K [0x00000000e0000000, 0x00000000f9500000, 0x0000000100000000)
  eden space 347136K, 100% used [0x00000000e0000000,0x00000000f5300000,0x00000000f5300000)
  from space 27136K, 99% used [0x00000000f7900000,0x00000000f9379a80,0x00000000f9380000)
  to   space 33792K, 0% used [0x00000000f5300000,0x00000000f5300000,0x00000000f7400000)
 ParOldGen       total 143360K, used 40740K [0x00000000a0000000, 0x00000000a8c00000, 0x00000000e0000000)
  object space 143360K, 28% used [0x00000000a0000000,0x00000000a27c92b0,0x00000000a8c00000)
 Metaspace       used 78480K, capacity 82204K, committed 82456K, reserved 1120256K
  class space    used 10246K, capacity 11037K, committed 11056K, reserved 1048576K
Event: 889.537 GC heap after
Heap after GC invocations=14 (full 3):
 PSYoungGen      total 367616K, used 33785K [0x00000000e0000000, 0x00000000f9400000, 0x0000000100000000)
  eden space 333824K, 0% used [0x00000000e0000000,0x00000000e0000000,0x00000000f4600000)
  from space 33792K, 99% used [0x00000000f5300000,0x00000000f73fe7f0,0x00000000f7400000)
  to   space 32768K, 0% used [0x00000000f7400000,0x00000000f7400000,0x00000000f9400000)
 ParOldGen       total 143360K, used 43913K [0x00000000a0000000, 0x00000000a8c00000, 0x00000000e0000000)
  object space 143360K, 30% used [0x00000000a0000000,0x00000000a2ae27d0,0x00000000a8c00000)
 Metaspace       used 78480K, capacity 82204K, committed 82456K, reserved 1120256K
  class space    used 10246K, capacity 11037K, committed 11056K, reserved 1048576K
}
Event: 1487.979 GC heap before
{Heap before GC invocations=15 (full 3):
 PSYoungGen      total 367616K, used 367609K [0x00000000e0000000, 0x00000000f9400000, 0x0000000100000000)
  eden space 333824K, 100% used [0x00000000e0000000,0x00000000f4600000,0x00000000f4600000)
  from space 33792K, 99% used [0x00000000f5300000,0x00000000f73fe7f0,0x00000000f7400000)
  to   space 32768K, 0% used [0x00000000f7400000,0x00000000f7400000,0x00000000f9400000)
 ParOldGen       total 143360K, used 43913K [0x00000000a0000000, 0x00000000a8c00000, 0x00000000e0000000)
  object space 143360K, 30% used [0x00000000a0000000,0x00000000a2ae27d0,0x00000000a8c00000)
 Metaspace       used 85957K, capacity 90420K, committed 90648K, reserved 1128448K
  class space    used 11360K, capacity 12257K, committed 12336K, reserved 1048576K
Event: 1488.041 GC heap after
Heap after GC invocations=15 (full 3):
 PSYoungGen      total 337920K, used 12227K [0x00000000e0000000, 0x00000000f8480000, 0x0000000100000000)
  eden space 321024K, 0% used [0x00000000e0000000,0x00000000e0000000,0x00000000f3980000)
  from space 16896K, 72% used [0x00000000f7400000,0x00000000f7ff0da8,0x00000000f8480000)
  to   space 38400K, 0% used [0x00000000f3980000,0x00000000f3980000,0x00000000f5f00000)
 ParOldGen       total 143360K, used 62868K [0x00000000a0000000, 0x00000000a8c00000, 0x00000000e0000000)
  object space 143360K, 43% used [0x00000000a0000000,0x00000000a3d653e0,0x00000000a8c00000)
 Metaspace       used 85957K, capacity 90420K, committed 90648K, reserved 1128448K
  class space    used 11360K, capacity 12257K, committed 12336K, reserved 1048576K
}
Event: 1515.774 GC heap before
{Heap before GC invocations=16 (full 3):
 PSYoungGen      total 337920K, used 333251K [0x00000000e0000000, 0x00000000f8480000, 0x0000000100000000)
  eden space 321024K, 100% used [0x00000000e0000000,0x00000000f3980000,0x00000000f3980000)
  from space 16896K, 72% used [0x00000000f7400000,0x00000000f7ff0da8,0x00000000f8480000)
  to   space 38400K, 0% used [0x00000000f3980000,0x00000000f3980000,0x00000000f5f00000)
 ParOldGen       total 143360K, used 62868K [0x00000000a0000000, 0x00000000a8c00000, 0x00000000e0000000)
  object space 143360K, 43% used [0x00000000a0000000,0x00000000a3d653e0,0x00000000a8c00000)
 Metaspace       used 88201K, capacity 92702K, committed 92824K, reserved 1130496K
  class space    used 11431K, capacity 12350K, committed 12464K, reserved 1048576K
Event: 1515.826 GC heap after
Heap after GC invocations=16 (full 3):
 PSYoungGen      total 324608K, used 15786K [0x00000000e0000000, 0x00000000f7480000, 0x0000000100000000)
  eden space 308736K, 0% used [0x00000000e0000000,0x00000000e0000000,0x00000000f2d80000)
  from space 15872K, 99% used [0x00000000f3980000,0x00000000f48ea910,0x00000000f4900000)
  to   space 36352K, 0% used [0x00000000f5100000,0x00000000f5100000,0x00000000f7480000)
 ParOldGen       total 143360K, used 62876K [0x00000000a0000000, 0x00000000a8c00000, 0x00000000e0000000)
  object space 143360K, 43% used [0x00000000a0000000,0x00000000a3d673e0,0x00000000a8c00000)
 Metaspace       used 88201K, capacity 92702K, committed 92824K, reserved 1130496K
  class space    used 11431K, capacity 12350K, committed 12464K, reserved 1048576K
}
Event: 1658.173 GC heap before
{Heap before GC invocations=17 (full 3):
 PSYoungGen      total 324608K, used 324522K [0x00000000e0000000, 0x00000000f7480000, 0x0000000100000000)
  eden space 308736K, 100% used [0x00000000e0000000,0x00000000f2d80000,0x00000000f2d80000)
  from space 15872K, 99% used [0x00000000f3980000,0x00000000f48ea910,0x00000000f4900000)
  to   space 36352K, 0% used [0x00000000f5100000,0x00000000f5100000,0x00000000f7480000)
 ParOldGen       total 143360K, used 62876K [0x00000000a0000000, 0x00000000a8c00000, 0x00000000e0000000)
  object space 143360K, 43% used [0x00000000a0000000,0x00000000a3d673e0,0x00000000a8c00000)
 Metaspace       used 88566K, capacity 93138K, committed 93336K, reserved 1130496K
  class space    used 11452K, capacity 12388K, committed 12464K, reserved 1048576K
Event: 1658.206 GC heap after
Heap after GC invocations=17 (full 3):
 PSYoungGen      total 321536K, used 10448K [0x00000000e0000000, 0x00000000f6880000, 0x0000000100000000)
  eden space 297472K, 0% used [0x00000000e0000000,0x00000000e0000000,0x00000000f2280000)
  from space 24064K, 43% used [0x00000000f5100000,0x00000000f5b34030,0x00000000f6880000)
  to   space 35840K, 0% used [0x00000000f2280000,0x00000000f2280000,0x00000000f4580000)
 ParOldGen       total 143360K, used 62884K [0x00000000a0000000, 0x00000000a8c00000, 0x00000000e0000000)
  object space 143360K, 43% used [0x00000000a0000000,0x00000000a3d693e0,0x00000000a8c00000)
 Metaspace       used 88566K, capacity 93138K, committed 93336K, reserved 1130496K
  class space    used 11452K, capacity 12388K, committed 12464K, reserved 1048576K
}
Event: 1666.074 GC heap before
{Heap before GC invocations=18 (full 3):
 PSYoungGen      total 321536K, used 304385K [0x00000000e0000000, 0x00000000f6880000, 0x0000000100000000)
  eden space 297472K, 98% used [0x00000000e0000000,0x00000000f1f0c508,0x00000000f2280000)
  from space 24064K, 43% used [0x00000000f5100000,0x00000000f5b34030,0x00000000f6880000)
  to   space 35840K, 0% used [0x00000000f2280000,0x00000000f2280000,0x00000000f4580000)
 ParOldGen       total 143360K, used 62884K [0x00000000a0000000, 0x00000000a8c00000, 0x00000000e0000000)
  object space 143360K, 43% used [0x00000000a0000000,0x00000000a3d693e0,0x00000000a8c00000)
 Metaspace       used 88741K, capacity 93386K, committed 93592K, reserved 1130496K
  class space    used 11459K, capacity 12396K, committed 12464K, reserved 1048576K
Event: 1666.194 GC heap after
Heap after GC invocations=18 (full 3):
 PSYoungGen      total 308736K, used 21836K [0x00000000e0000000, 0x00000000f5e00000, 0x0000000100000000)
  eden space 286720K, 0% used [0x00000000e0000000,0x00000000e0000000,0x00000000f1800000)
  from space 22016K, 99% used [0x00000000f2280000,0x00000000f37d3220,0x00000000f3800000)
  to   space 35840K, 0% used [0x00000000f3b00000,0x00000000f3b00000,0x00000000f5e00000)
 ParOldGen       total 143360K, used 62892K [0x00000000a0000000, 0x00000000a8c00000, 0x00000000e0000000)
  object space 143360K, 43% used [0x00000000a0000000,0x00000000a3d6b3e0,0x00000000a8c00000)
 Metaspace       used 88741K, capacity 93386K, committed 93592K, reserved 1130496K
  class space    used 11459K, capacity 12396K, committed 12464K, reserved 1048576K
}

